2025-03-19 18:57:58 - mario_trader - INFO - Starting Mario Trader Bot
2025-03-19 18:57:58 - mario_trader - INFO - Starting in multi-pair mode
2025-03-19 18:57:58 - mario_trader - INFO - Logging in to MT5 server: Exness-MT5Trial10
2025-03-22 15:17:59 - mario_trader - INFO - Debug mode enabled for EURUSD
2025-03-22 15:17:59 - mario_trader - INFO - Logging in to MT5 server: Exness-MT5Trial10
2025-03-22 15:19:05 - mario_trader - ERROR - ERROR: Failed to initialize MT5 (attempt 1/3): (-10005, 'IPC timeout')
2025-03-22 15:20:10 - mario_trader - ERROR - ERROR: Failed to initialize MT5 (attempt 2/3): (-10005, 'IPC timeout')
2025-03-22 15:21:15 - mario_trader - ERROR - ERROR: Failed to initialize MT5 (attempt 3/3): (-10005, 'IPC timeout')
2025-03-22 15:21:15 - mario_trader - ERROR - Failed to login to MT5
2025-03-30 15:01:49 - mario_trader - INFO - Debug mode enabled for EURUSD
2025-03-30 15:01:49 - mario_trader - INFO - Forcing BUY signal for EURUSD
2025-03-30 15:01:49 - mario_trader - INFO - Logging in to MT5 server: Exness-MT5Trial10
2025-03-30 15:02:55 - mario_trader - ERROR - ERROR: Failed to initialize MT5 (attempt 1/3): (-10005, 'IPC timeout')
2025-03-30 15:04:02 - mario_trader - ERROR - ERROR: Failed to initialize MT5 (attempt 2/3): (-10005, 'IPC timeout')
2025-03-30 15:05:09 - mario_trader - ERROR - ERROR: Failed to initialize MT5 (attempt 3/3): (-10005, 'IPC timeout')
2025-03-30 15:05:09 - mario_trader - ERROR - Failed to login to MT5
2025-03-30 15:10:42 - mario_trader - INFO - Starting Mario Trader Bot
2025-03-30 15:10:42 - mario_trader - INFO - Starting trading bot for EURUSD
2025-03-30 15:10:42 - mario_trader - INFO - MT5 initialized successfully. Version: (500, 4885, '28 Feb 2025')
2025-03-30 15:10:42 - mario_trader - INFO - Connected to account: 81338593 (Mario test)
2025-03-30 15:10:42 - mario_trader - INFO - Balance: 99.71 USD
2025-03-30 15:10:42 - mario_trader - INFO - Trading bot started
2025-03-30 15:10:42 - mario_trader - ERROR - Error executing trading strategy for EURUSD: generate_sma_crossover_signal() missing 1 required positional argument: 'currency_pair'
2025-03-30 15:10:42 - mario_trader - ERROR - Traceback (most recent call last):
  File "C:\Users\Admin\Documents\mario_trader_beta\mario_trader\execution.py", line 60, in execute
    signal = generate_signal(forex_pair)
TypeError: generate_sma_crossover_signal() missing 1 required positional argument: 'currency_pair'

2025-03-30 15:10:52 - mario_trader - ERROR - Error executing trading strategy for EURUSD: generate_sma_crossover_signal() missing 1 required positional argument: 'currency_pair'
2025-03-30 15:10:52 - mario_trader - ERROR - Traceback (most recent call last):
  File "C:\Users\Admin\Documents\mario_trader_beta\mario_trader\execution.py", line 60, in execute
    signal = generate_signal(forex_pair)
TypeError: generate_sma_crossover_signal() missing 1 required positional argument: 'currency_pair'

2025-03-30 15:11:02 - mario_trader - ERROR - Error executing trading strategy for EURUSD: generate_sma_crossover_signal() missing 1 required positional argument: 'currency_pair'
2025-03-30 15:11:02 - mario_trader - ERROR - Traceback (most recent call last):
  File "C:\Users\Admin\Documents\mario_trader_beta\mario_trader\execution.py", line 60, in execute
    signal = generate_signal(forex_pair)
TypeError: generate_sma_crossover_signal() missing 1 required positional argument: 'currency_pair'

2025-03-30 15:11:06 - mario_trader - INFO - Trading bot stopped by user
2025-03-30 15:11:06 - mario_trader - INFO - Shutting down MT5 connection
2025-03-30 15:11:06 - mario_trader - INFO - MT5 connection shut down
2025-03-30 15:11:53 - mario_trader - INFO - Starting Mario Trader Bot
2025-03-30 15:11:53 - mario_trader - INFO - Starting trading bot for EURUSD
2025-03-30 15:12:59 - mario_trader - ERROR - ERROR: Failed to initialize MT5 (attempt 1/3): (-10005, 'IPC timeout')
2025-03-30 15:16:34 - mario_trader - INFO - Testing MT5 login
2025-03-30 15:16:34 - mario_trader - INFO - Logging in to MT5 server: Exness-MT5Trial10
2025-03-30 15:16:34 - mario_trader - INFO - MT5 initialized successfully. Version: (500, 4885, '28 Feb 2025')
2025-03-30 15:16:34 - mario_trader - INFO - Connected to account: 81338593 (Mario test)
2025-03-30 15:16:34 - mario_trader - INFO - Balance: 99.71 USD
2025-03-30 15:17:55 - mario_trader - INFO - Starting Mario Trader Bot
2025-03-30 15:17:55 - mario_trader - INFO - Starting trading bot for EURUSD
2025-03-30 15:17:55 - mario_trader - INFO - Attempting to initialize MT5 (attempt 1/3)
2025-03-30 15:17:55 - mario_trader - INFO - Login: 81338593, Server: Exness-MT5Trial10
2025-03-30 15:18:59 - mario_trader - ERROR - Failed to initialize MT5 terminal: (-10005, 'IPC timeout')
2025-03-30 15:18:59 - mario_trader - WARNING - IPC timeout detected. Trying to restart MT5...
2025-03-30 15:19:01 - mario_trader - INFO - Attempting to initialize MT5 (attempt 2/3)
2025-03-30 15:19:01 - mario_trader - INFO - Login: 81338593, Server: Exness-MT5Trial10
2025-03-30 15:20:04 - mario_trader - ERROR - Failed to initialize MT5 terminal: (-10005, 'IPC timeout')
2025-03-30 15:20:04 - mario_trader - WARNING - IPC timeout detected. Trying to restart MT5...
2025-03-30 15:20:06 - mario_trader - INFO - Attempting to initialize MT5 (attempt 3/3)
2025-03-30 15:20:06 - mario_trader - INFO - Login: 81338593, Server: Exness-MT5Trial10
